This is pdfTeX, Version 3.14159265-2.6-1.40.16 (MiKTeX 2.9) (preloaded format=pdflatex 2016.4.1)  4 SEP 2016 15:45
entering extended mode
**./vecDeffuantModel.tex
(vecDeffuantModel.tex
LaTeX2e <2015/10/01> patch level 2
Babel <3.9n> and hyphenation patterns for 69 languages loaded.

("C:\Users\Alexander\AppData\Local\Programs\MiKTeX 2.9\tex\latex\base\article.c
ls"
Document Class: article 2014/09/29 v1.4h Standard LaTeX document class

("C:\Users\Alexander\AppData\Local\Programs\MiKTeX 2.9\tex\latex\base\size12.cl
o"
File: size12.clo 2014/09/29 v1.4h Standard LaTeX file (size option)
)
\c@part=\count79
\c@section=\count80
\c@subsection=\count81
\c@subsubsection=\count82
\c@paragraph=\count83
\c@subparagraph=\count84
\c@figure=\count85
\c@table=\count86
\abovecaptionskip=\skip41
\belowcaptionskip=\skip42
\bibindent=\dimen102
)
("C:\Users\Alexander\AppData\Local\Programs\MiKTeX 2.9\tex\latex\amsmath\amsmat
h.sty"
Package: amsmath 2013/01/14 v2.14 AMS math features
\@mathmargin=\skip43

For additional information on amsmath, use the `?' option.

("C:\Users\Alexander\AppData\Local\Programs\MiKTeX 2.9\tex\latex\amsmath\amstex
t.sty"
Package: amstext 2000/06/29 v2.01

("C:\Users\Alexander\AppData\Local\Programs\MiKTeX 2.9\tex\latex\amsmath\amsgen
.sty"
File: amsgen.sty 1999/11/30 v2.0
\@emptytoks=\toks14
\ex@=\dimen103
))
("C:\Users\Alexander\AppData\Local\Programs\MiKTeX 2.9\tex\latex\amsmath\amsbsy
.sty"
Package: amsbsy 1999/11/29 v1.2d
\pmbraise@=\dimen104
)
("C:\Users\Alexander\AppData\Local\Programs\MiKTeX 2.9\tex\latex\amsmath\amsopn
.sty"
Package: amsopn 1999/12/14 v2.01 operator names
)
\inf@bad=\count87
LaTeX Info: Redefining \frac on input line 210.
\uproot@=\count88
\leftroot@=\count89
LaTeX Info: Redefining \overline on input line 306.
\classnum@=\count90
\DOTSCASE@=\count91
LaTeX Info: Redefining \ldots on input line 378.
LaTeX Info: Redefining \dots on input line 381.
LaTeX Info: Redefining \cdots on input line 466.
\Mathstrutbox@=\box26
\strutbox@=\box27
\big@size=\dimen105
LaTeX Font Info:    Redeclaring font encoding OML on input line 566.
LaTeX Font Info:    Redeclaring font encoding OMS on input line 567.
\macc@depth=\count92
\c@MaxMatrixCols=\count93
\dotsspace@=\muskip10
\c@parentequation=\count94
\dspbrk@lvl=\count95
\tag@help=\toks15
\row@=\count96
\column@=\count97
\maxfields@=\count98
\andhelp@=\toks16
\eqnshift@=\dimen106
\alignsep@=\dimen107
\tagshift@=\dimen108
\tagwidth@=\dimen109
\totwidth@=\dimen110
\lineht@=\dimen111
\@envbody=\toks17
\multlinegap=\skip44
\multlinetaggap=\skip45
\mathdisplay@stack=\toks18
LaTeX Info: Redefining \[ on input line 2665.
LaTeX Info: Redefining \] on input line 2666.
)
("C:\Users\Alexander\AppData\Local\Programs\MiKTeX 2.9\tex\latex\graphics\graph
icx.sty"
Package: graphicx 2014/10/28 v1.0g Enhanced LaTeX Graphics (DPC,SPQR)

("C:\Users\Alexander\AppData\Local\Programs\MiKTeX 2.9\tex\latex\graphics\keyva
l.sty"
Package: keyval 2014/10/28 v1.15 key=value parser (DPC)
\KV@toks@=\toks19
)
("C:\Users\Alexander\AppData\Local\Programs\MiKTeX 2.9\tex\latex\graphics\graph
ics.sty"
Package: graphics 2014/10/28 v1.0p Standard LaTeX Graphics (DPC,SPQR)

("C:\Users\Alexander\AppData\Local\Programs\MiKTeX 2.9\tex\latex\graphics\trig.
sty"
Package: trig 1999/03/16 v1.09 sin cos tan (DPC)
)
("C:\Users\Alexander\AppData\Local\Programs\MiKTeX 2.9\tex\latex\00miktex\graph
ics.cfg"
File: graphics.cfg 2007/01/18 v1.5 graphics configuration of teTeX/TeXLive
)
Package graphics Info: Driver file: pdftex.def on input line 94.

("C:\Users\Alexander\AppData\Local\Programs\MiKTeX 2.9\tex\latex\pdftex-def\pdf
tex.def"
File: pdftex.def 2011/05/27 v0.06d Graphics/color for pdfTeX

("C:\Users\Alexander\AppData\Local\Programs\MiKTeX 2.9\tex\generic\oberdiek\inf
warerr.sty"
Package: infwarerr 2010/04/08 v1.3 Providing info/warning/error messages (HO)
)
("C:\Users\Alexander\AppData\Local\Programs\MiKTeX 2.9\tex\generic\oberdiek\ltx
cmds.sty"
Package: ltxcmds 2011/11/09 v1.22 LaTeX kernel commands for general use (HO)
)
\Gread@gobject=\count99
))
\Gin@req@height=\dimen112
\Gin@req@width=\dimen113
)
("C:\Users\Alexander\AppData\Local\Programs\MiKTeX 2.9\tex\latex\tools\verbatim
.sty"
Package: verbatim 2014/10/28 v1.5q LaTeX2e package for verbatim enhancements
\every@verbatim=\toks20
\verbatim@line=\toks21
\verbatim@in@stream=\read1
)
("C:\Users\Alexander\AppData\Local\Programs\MiKTeX 2.9\tex\latex\graphics\color
.sty"
Package: color 2014/10/28 v1.1a Standard LaTeX Color (DPC)

("C:\Users\Alexander\AppData\Local\Programs\MiKTeX 2.9\tex\latex\00miktex\color
.cfg"
File: color.cfg 2007/01/18 v1.5 color configuration of teTeX/TeXLive
)
Package color Info: Driver file: pdftex.def on input line 142.
)
("C:\Users\Alexander\AppData\Local\Programs\MiKTeX 2.9\tex\latex\subfigure\subf
igure.sty"
Package: subfigure 2002/07/30 v2.1.4 subfigure package
\subfigtopskip=\skip46
\subfigcapskip=\skip47
\subfigcaptopadj=\dimen114
\subfigbottomskip=\skip48
\subfigcapmargin=\dimen115
\subfiglabelskip=\skip49
\c@subfigure=\count100
\c@lofdepth=\count101
\c@subtable=\count102
\c@lotdepth=\count103

****************************************
* Local config file subfigure.cfg used *
****************************************

("C:\Users\Alexander\AppData\Local\Programs\MiKTeX 2.9\tex\latex\subfigure\subf
igure.cfg")
\subfig@top=\skip50
\subfig@bottom=\skip51
)
("C:\Users\Alexander\AppData\Local\Programs\MiKTeX 2.9\tex\latex\hyperref\hyper
ref.sty"
Package: hyperref 2012/11/06 v6.83m Hypertext links for LaTeX

("C:\Users\Alexander\AppData\Local\Programs\MiKTeX 2.9\tex\generic\oberdiek\hob
sub-hyperref.sty"
Package: hobsub-hyperref 2012/04/25 v1.12 Bundle oberdiek, subset hyperref (HO)


("C:\Users\Alexander\AppData\Local\Programs\MiKTeX 2.9\tex\generic\oberdiek\hob
sub-generic.sty"
Package: hobsub-generic 2012/04/25 v1.12 Bundle oberdiek, subset generic (HO)
Package: hobsub 2012/04/25 v1.12 Construct package bundles (HO)
Package hobsub Info: Skipping package `infwarerr' (already loaded).
Package hobsub Info: Skipping package `ltxcmds' (already loaded).
Package: ifluatex 2010/03/01 v1.3 Provides the ifluatex switch (HO)
Package ifluatex Info: LuaTeX not detected.
Package: ifvtex 2010/03/01 v1.5 Detect VTeX and its facilities (HO)
Package ifvtex Info: VTeX not detected.
Package: intcalc 2007/09/27 v1.1 Expandable calculations with integers (HO)
Package: ifpdf 2011/01/30 v2.3 Provides the ifpdf switch (HO)
Package ifpdf Info: pdfTeX in PDF mode is detected.
Package: etexcmds 2011/02/16 v1.5 Avoid name clashes with e-TeX commands (HO)
Package etexcmds Info: Could not find \expanded.
(etexcmds)             That can mean that you are not using pdfTeX 1.50 or
(etexcmds)             that some package has redefined \expanded.
(etexcmds)             In the latter case, load this package earlier.
Package: kvsetkeys 2012/04/25 v1.16 Key value parser (HO)
Package: kvdefinekeys 2011/04/07 v1.3 Define keys (HO)
Package: pdftexcmds 2011/11/29 v0.20 Utility functions of pdfTeX for LuaTeX (HO
)
Package pdftexcmds Info: LuaTeX not detected.
Package pdftexcmds Info: \pdf@primitive is available.
Package pdftexcmds Info: \pdf@ifprimitive is available.
Package pdftexcmds Info: \pdfdraftmode found.
Package: pdfescape 2011/11/25 v1.13 Implements pdfTeX's escape features (HO)
Package: bigintcalc 2012/04/08 v1.3 Expandable calculations on big integers (HO
)
Package: bitset 2011/01/30 v1.1 Handle bit-vector datatype (HO)
Package: uniquecounter 2011/01/30 v1.2 Provide unlimited unique counter (HO)
)
Package hobsub Info: Skipping package `hobsub' (already loaded).
Package: letltxmacro 2010/09/02 v1.4 Let assignment for LaTeX macros (HO)
Package: hopatch 2011/06/24 v1.1 Wrapper for package hooks (HO)
Package: xcolor-patch 2011/01/30 xcolor patch
Package: atveryend 2011/06/30 v1.8 Hooks at the very end of document (HO)
Package atveryend Info: \enddocument detected (standard20110627).
Package: atbegshi 2011/10/05 v1.16 At begin shipout hook (HO)
Package: refcount 2011/10/16 v3.4 Data extraction from label references (HO)
Package: hycolor 2011/01/30 v1.7 Color options for hyperref/bookmark (HO)
)
("C:\Users\Alexander\AppData\Local\Programs\MiKTeX 2.9\tex\generic\ifxetex\ifxe
tex.sty"
Package: ifxetex 2010/09/12 v0.6 Provides ifxetex conditional
)
("C:\Users\Alexander\AppData\Local\Programs\MiKTeX 2.9\tex\latex\oberdiek\auxho
ok.sty"
Package: auxhook 2011/03/04 v1.3 Hooks for auxiliary files (HO)
)
("C:\Users\Alexander\AppData\Local\Programs\MiKTeX 2.9\tex\latex\oberdiek\kvopt
ions.sty"
Package: kvoptions 2011/06/30 v3.11 Key value format for package options (HO)
)
\@linkdim=\dimen116
\Hy@linkcounter=\count104
\Hy@pagecounter=\count105

("C:\Users\Alexander\AppData\Local\Programs\MiKTeX 2.9\tex\latex\hyperref\pd1en
c.def"
File: pd1enc.def 2012/11/06 v6.83m Hyperref: PDFDocEncoding definition (HO)
)
\Hy@SavedSpaceFactor=\count106

("C:\Users\Alexander\AppData\Local\Programs\MiKTeX 2.9\tex\latex\00miktex\hyper
ref.cfg"
File: hyperref.cfg 2002/06/06 v1.2 hyperref configuration of TeXLive
)
Package hyperref Info: Hyper figures OFF on input line 4443.
Package hyperref Info: Link nesting OFF on input line 4448.
Package hyperref Info: Hyper index ON on input line 4451.
Package hyperref Info: Plain pages OFF on input line 4458.
Package hyperref Info: Backreferencing OFF on input line 4463.
Package hyperref Info: Implicit mode ON; LaTeX internals redefined.
Package hyperref Info: Bookmarks ON on input line 4688.
\c@Hy@tempcnt=\count107

("C:\Users\Alexander\AppData\Local\Programs\MiKTeX 2.9\tex\latex\url\url.sty"
\Urlmuskip=\muskip11
Package: url 2013/09/16  ver 3.4  Verb mode for urls, etc.
)
LaTeX Info: Redefining \url on input line 5041.
\XeTeXLinkMargin=\dimen117
\Fld@menulength=\count108
\Field@Width=\dimen118
\Fld@charsize=\dimen119
Package hyperref Info: Hyper figures OFF on input line 6295.
Package hyperref Info: Link nesting OFF on input line 6300.
Package hyperref Info: Hyper index ON on input line 6303.
Package hyperref Info: backreferencing OFF on input line 6310.
Package hyperref Info: Link coloring OFF on input line 6315.
Package hyperref Info: Link coloring with OCG OFF on input line 6320.
Package hyperref Info: PDF/A mode OFF on input line 6325.
LaTeX Info: Redefining \ref on input line 6365.
LaTeX Info: Redefining \pageref on input line 6369.
\Hy@abspage=\count109
\c@Item=\count110
\c@Hfootnote=\count111
)

Package hyperref Message: Driver (autodetected): hpdftex.


("C:\Users\Alexander\AppData\Local\Programs\MiKTeX 2.9\tex\latex\hyperref\hpdft
ex.def"
File: hpdftex.def 2012/11/06 v6.83m Hyperref driver for pdfTeX
\Fld@listcount=\count112
\c@bookmark@seq@number=\count113

("C:\Users\Alexander\AppData\Local\Programs\MiKTeX 2.9\tex\latex\oberdiek\rerun
filecheck.sty"
Package: rerunfilecheck 2011/04/15 v1.7 Rerun checks for auxiliary files (HO)
Package uniquecounter Info: New unique counter `rerunfilecheck' on input line 2
82.
)
\Hy@SectionHShift=\skip52
)
("C:\Users\Alexander\AppData\Local\Programs\MiKTeX 2.9\tex\latex\base\latexsym.
sty"
Package: latexsym 1998/08/17 v2.2e Standard LaTeX package (lasy symbols)
\symlasy=\mathgroup4
LaTeX Font Info:    Overwriting symbol font `lasy' in version `bold'
(Font)                  U/lasy/m/n --> U/lasy/b/n on input line 52.
)
("C:\Users\Alexander\AppData\Local\Programs\MiKTeX 2.9\tex\latex\amsfonts\amsfo
nts.sty"
Package: amsfonts 2013/01/14 v3.01 Basic AMSFonts support
\symAMSa=\mathgroup5
\symAMSb=\mathgroup6
LaTeX Font Info:    Overwriting math alphabet `\mathfrak' in version `bold'
(Font)                  U/euf/m/n --> U/euf/b/n on input line 106.
)
("C:\Users\Alexander\AppData\Local\Programs\MiKTeX 2.9\tex\latex\amscls\amsthm.
sty"
Package: amsthm 2015/03/04 v2.20.2
\thm@style=\toks22
\thm@bodyfont=\toks23
\thm@headfont=\toks24
\thm@notefont=\toks25
\thm@headpunct=\toks26
\thm@preskip=\skip53
\thm@postskip=\skip54
\thm@headsep=\skip55
\dth@everypar=\toks27
)
("C:\Users\Alexander\AppData\Local\Programs\MiKTeX 2.9\tex\latex\listings\listi
ngs.sty"
\lst@mode=\count114
\lst@gtempboxa=\box28
\lst@token=\toks28
\lst@length=\count115
\lst@currlwidth=\dimen120
\lst@column=\count116
\lst@pos=\count117
\lst@lostspace=\dimen121
\lst@width=\dimen122
\lst@newlines=\count118
\lst@lineno=\count119
\lst@maxwidth=\dimen123

("C:\Users\Alexander\AppData\Local\Programs\MiKTeX 2.9\tex\latex\listings\lstmi
sc.sty"
File: lstmisc.sty 2015/06/04 1.6 (Carsten Heinz)
\c@lstnumber=\count120
\lst@skipnumbers=\count121
\lst@framebox=\box29
)
("C:\Users\Alexander\AppData\Local\Programs\MiKTeX 2.9\tex\latex\listings\listi
ngs.cfg"
File: listings.cfg 2015/06/04 1.6 listings configuration
))
Package: listings 2015/06/04 1.6 (Carsten Heinz)
\c@theorem=\count122
\c@corollary=\count123
 (vecDeffuantModel.aux)
\openout1 = `vecDeffuantModel.aux'.

LaTeX Font Info:    Checking defaults for OML/cmm/m/it on input line 33.
LaTeX Font Info:    ... okay on input line 33.
LaTeX Font Info:    Checking defaults for T1/cmr/m/n on input line 33.
LaTeX Font Info:    ... okay on input line 33.
LaTeX Font Info:    Checking defaults for OT1/cmr/m/n on input line 33.
LaTeX Font Info:    ... okay on input line 33.
LaTeX Font Info:    Checking defaults for OMS/cmsy/m/n on input line 33.
LaTeX Font Info:    ... okay on input line 33.
LaTeX Font Info:    Checking defaults for OMX/cmex/m/n on input line 33.
LaTeX Font Info:    ... okay on input line 33.
LaTeX Font Info:    Checking defaults for U/cmr/m/n on input line 33.
LaTeX Font Info:    ... okay on input line 33.
LaTeX Font Info:    Checking defaults for PD1/pdf/m/n on input line 33.
LaTeX Font Info:    ... okay on input line 33.

("C:\Users\Alexander\AppData\Local\Programs\MiKTeX 2.9\tex\context\base\supp-pd
f.mkii"
[Loading MPS to PDF converter (version 2006.09.02).]
\scratchcounter=\count124
\scratchdimen=\dimen124
\scratchbox=\box30
\nofMPsegments=\count125
\nofMParguments=\count126
\everyMPshowfont=\toks29
\MPscratchCnt=\count127
\MPscratchDim=\dimen125
\MPnumerator=\count128
\makeMPintoPDFobject=\count129
\everyMPtoPDFconversion=\toks30
)
\AtBeginShipoutBox=\box31
Package hyperref Info: Link coloring OFF on input line 33.

("C:\Users\Alexander\AppData\Local\Programs\MiKTeX 2.9\tex\latex\hyperref\namer
ef.sty"
Package: nameref 2012/10/27 v2.43 Cross-referencing by name of section

("C:\Users\Alexander\AppData\Local\Programs\MiKTeX 2.9\tex\generic\oberdiek\get
titlestring.sty"
Package: gettitlestring 2010/12/03 v1.4 Cleanup title references (HO)
)
\c@section@level=\count130
)
LaTeX Info: Redefining \ref on input line 33.
LaTeX Info: Redefining \pageref on input line 33.
LaTeX Info: Redefining \nameref on input line 33.
 (vecDeffuantModel.out) (vecDeffuantModel.out)
\@outlinefile=\write3
\openout3 = `vecDeffuantModel.out'.

\c@lstlisting=\count131

<./lmu_siegel.pdf, id=87, 201.75375pt x 201.75375pt>
File: ./lmu_siegel.pdf Graphic file (type pdf)
 <use ./lmu_siegel.pdf>
Package pdftex.def Info: ./lmu_siegel.pdf used on input line 42.
(pdftex.def)             Requested size: 149.37956pt x 149.38162pt.
LaTeX Font Info:    Try loading font information for U+lasy on input line 62.

("C:\Users\Alexander\AppData\Local\Programs\MiKTeX 2.9\tex\latex\base\ulasy.fd"
File: ulasy.fd 1998/08/17 v2.2e LaTeX symbol font definitions
)
LaTeX Font Info:    Try loading font information for U+msa on input line 62.

("C:\Users\Alexander\AppData\Local\Programs\MiKTeX 2.9\tex\latex\amsfonts\umsa.
fd"
File: umsa.fd 2013/01/14 v3.01 AMS symbols A
)
LaTeX Font Info:    Try loading font information for U+msb on input line 62.

("C:\Users\Alexander\AppData\Local\Programs\MiKTeX 2.9\tex\latex\amsfonts\umsb.
fd"
File: umsb.fd 2013/01/14 v3.01 AMS symbols B
) [1

{C:/Users/Alexander/AppData/Local/MiKTeX/2.9/pdftex/config/pdftex.map} <./lmu_s
iegel.pdf>]pdfTeX warning (ext4): destination with the same identifier (name{pa
ge.1}) has been already used, duplicate ignored
<to be read again> 
                   \relax 
l.83 \clearpage
                [1] (vecDeffuantModel.toc)
\tf@toc=\write4
\openout4 = `vecDeffuantModel.toc'.

 [2

] [3

]pdfTeX warning (ext4): destination with the same identifier (name{page.1}) has
 been already used, duplicate ignored
<to be read again> 
                   \relax 
l.103 
       [1

]pdfTeX warning (ext4): destination with the same identifier (name{page.2}) has
 been already used, duplicate ignored
<to be read again> 
                   \relax 
l.112 
       [2]pdfTeX warning (ext4): destination with the same identifier (name{pag
e.3}) has been already used, duplicate ignored
<to be read again> 
                   \relax 
l.117 
       [3] [4] [5]
<c:/users/alexander/graphics/vDF4T2init.PNG, id=173, 501.875pt x 501.875pt>
File: c:/users/alexander/graphics/vDF4T2init.PNG Graphic file (type png)

<use c:/users/alexander/graphics/vDF4T2init.PNG>
Package pdftex.def Info: c:/users/alexander/graphics/vDF4T2init.PNG used on inp
ut line 146.
(pdftex.def)             Requested size: 170.71393pt x 170.7118pt.

<c:/users/alexander/graphics/vDF4T2_10mil.PNG, id=174, 501.875pt x 501.875pt>
File: c:/users/alexander/graphics/vDF4T2_10mil.PNG Graphic file (type png)

<use c:/users/alexander/graphics/vDF4T2_10mil.PNG>
Package pdftex.def Info: c:/users/alexander/graphics/vDF4T2_10mil.PNG used on i
nput line 151.
(pdftex.def)             Requested size: 170.71393pt x 170.7118pt.

Underfull \hbox (badness 10000) in paragraph at lines 152--152
\OT1/cmr/m/n/12 mil-lion suc-cess-ful in-ter-ac-tions
 []


Underfull \hbox (badness 10000) in paragraph at lines 172--176

 []


Underfull \hbox (badness 10000) in paragraph at lines 172--176

 []

[6 <c:/users/alexander/graphics/vDF4T2init.PNG (PNG copy)> <c:/users/alexander/
graphics/vDF4T2_10mil.PNG (PNG copy)>] [7] [8]
<c:/users/alexander/graphics/annihilatingParticles.PNG, id=204, 505.13719pt x 1
40.02313pt>
File: c:/users/alexander/graphics/annihilatingParticles.PNG Graphic file (type 
png)
 <use c:/users/alexander/graphics/annihilatingParticles.PNG>
Package pdftex.def Info: c:/users/alexander/graphics/annihilatingParticles.PNG 
used on input line 231.
(pdftex.def)             Requested size: 298.75262pt x 82.81377pt.

[9 <c:/users/alexander/graphics/annihilatingParticles.PNG>]
LaTeX Font Info:    Try loading font information for OMS+cmr on input line 254.


("C:\Users\Alexander\AppData\Local\Programs\MiKTeX 2.9\tex\latex\base\omscmr.fd
"
File: omscmr.fd 2014/09/29 v2.5h Standard LaTeX font definitions
)
LaTeX Font Info:    Font shape `OMS/cmr/m/n' in size <12> not available
(Font)              Font shape `OMS/cmsy/m/n' tried instead on input line 254.
 [10] [11] [12]
<c:/users/alexander/graphics/vDF2T1init.PNG, id=247, 501.875pt x 501.875pt>
File: c:/users/alexander/graphics/vDF2T1init.PNG Graphic file (type png)

<use c:/users/alexander/graphics/vDF2T1init.PNG>
Package pdftex.def Info: c:/users/alexander/graphics/vDF2T1init.PNG used on inp
ut line 331.
(pdftex.def)             Requested size: 170.71393pt x 170.7118pt.

<c:/users/alexander/graphics/vDF2T1.PNG, id=248, 501.875pt x 501.875pt>
File: c:/users/alexander/graphics/vDF2T1.PNG Graphic file (type png)

<use c:/users/alexander/graphics/vDF2T1.PNG>
Package pdftex.def Info: c:/users/alexander/graphics/vDF2T1.PNG used on input l
ine 336.
(pdftex.def)             Requested size: 170.71393pt x 170.7118pt.

<c:/users/alexander/graphics/voterModelinit.PNG, id=249, 501.875pt x 501.875pt>
File: c:/users/alexander/graphics/voterModelinit.PNG Graphic file (type png)
<use c:/users/alexander/graphics/voterModelinit.PNG>
Package pdftex.def Info: c:/users/alexander/graphics/voterModelinit.PNG used on
 input line 344.
(pdftex.def)             Requested size: 170.71393pt x 170.7118pt.

<c:/users/alexander/graphics/voterModel.PNG, id=250, 501.875pt x 501.875pt>
File: c:/users/alexander/graphics/voterModel.PNG Graphic file (type png)

<use c:/users/alexander/graphics/voterModel.PNG>
Package pdftex.def Info: c:/users/alexander/graphics/voterModel.PNG used on inp
ut line 349.
(pdftex.def)             Requested size: 170.71393pt x 170.7118pt.


LaTeX Warning: `h' float specifier changed to `ht'.

[13 <c:/users/alexander/graphics/vDF2T1init.PNG (PNG copy)> <c:/users/alexander
/graphics/vDF2T1.PNG (PNG copy)>] [14 <c:/users/alexander/graphics/voterModelin
it.PNG (PNG copy)> <c:/users/alexander/graphics/voterModel.PNG (PNG copy)>]
[15] [16] [17] [18pdfTeX warning (ext4): destination with the same identifier (
name{equation.4.27}) has been already used, duplicate ignored

\AtBegShi@Output ...ipout \box \AtBeginShipoutBox 
                                                  \fi \fi 
l.486 \begin{equation}
                      ] [19]
<c:/users/alexander/graphics/dissVDF2T1half.PNG, id=313, 501.875pt x 501.875pt>
File: c:/users/alexander/graphics/dissVDF2T1half.PNG Graphic file (type png)
<use c:/users/alexander/graphics/dissVDF2T1half.PNG>
Package pdftex.def Info: c:/users/alexander/graphics/dissVDF2T1half.PNG used on
 input line 524.
(pdftex.def)             Requested size: 170.71393pt x 170.7118pt.

<c:/users/alexander/graphics/dissVDF2T1.PNG, id=314, 501.875pt x 501.875pt>
File: c:/users/alexander/graphics/dissVDF2T1.PNG Graphic file (type png)

<use c:/users/alexander/graphics/dissVDF2T1.PNG>
Package pdftex.def Info: c:/users/alexander/graphics/dissVDF2T1.PNG used on inp
ut line 529.
(pdftex.def)             Requested size: 170.71393pt x 170.7118pt.


Package hyperref Warning: Token not allowed in a PDF string (PDFDocEncoding):
(hyperref)                removing `\\' on input line 534.

[20 <c:/users/alexander/graphics/dissVDF2T1half.PNG (PNG copy)> <c:/users/alexa
nder/graphics/dissVDF2T1.PNG (PNG copy)>] [21] [22] [23] [24] [25] [26]
[27] [28] [29] [30] [31] [32] [33] [34]
<c:/users/alexander/graphics/F5weight.PNG, id=442, 602.25pt x 451.6875pt>
File: c:/users/alexander/graphics/F5weight.PNG Graphic file (type png)

<use c:/users/alexander/graphics/F5weight.PNG>
Package pdftex.def Info: c:/users/alexander/graphics/F5weight.PNG used on input
 line 940.
(pdftex.def)             Requested size: 256.0774pt x 192.06458pt.

<c:/users/alexander/graphics/F10weight.PNG, id=443, 602.25pt x 451.6875pt>
File: c:/users/alexander/graphics/F10weight.PNG Graphic file (type png)

<use c:/users/alexander/graphics/F10weight.PNG>
Package pdftex.def Info: c:/users/alexander/graphics/F10weight.PNG used on inpu
t line 945.
(pdftex.def)             Requested size: 256.0774pt x 192.06458pt.


LaTeX Warning: `h' float specifier changed to `ht'.

[35 <c:/users/alexander/graphics/F5weight.PNG>] [36 <c:/users/alexander/graphic
s/F10weight.PNG>] [37]
<c:/users/alexander/graphics/F3T1weight.PNG, id=474, 578.16pt x 433.62pt>
File: c:/users/alexander/graphics/F3T1weight.PNG Graphic file (type png)

<use c:/users/alexander/graphics/F3T1weight.PNG>
Package pdftex.def Info: c:/users/alexander/graphics/F3T1weight.PNG used on inp
ut line 1047.
(pdftex.def)             Requested size: 298.75262pt x 224.06114pt.


LaTeX Warning: `h' float specifier changed to `ht'.

[38pdfTeX warning (ext4): destination with the same identifier (name{equation.5
.78}) has been already used, duplicate ignored

\AtBegShi@Output ...ipout \box \AtBeginShipoutBox 
                                                  \fi \fi 
l.1054 
       ] [39 <c:/users/alexander/graphics/F3T1weight.PNG>]
File: c:/users/alexander/graphics/F3T1weight.PNG Graphic file (type png)

<use c:/users/alexander/graphics/F3T1weight.PNG>
Package pdftex.def Info: c:/users/alexander/graphics/F3T1weight.PNG used on inp
ut line 1091.
(pdftex.def)             Requested size: 192.0548pt x 144.0412pt.

<c:/users/alexander/graphics/F6T2weight.PNG, id=490, 578.16pt x 433.62pt>
File: c:/users/alexander/graphics/F6T2weight.PNG Graphic file (type png)

<use c:/users/alexander/graphics/F6T2weight.PNG>
Package pdftex.def Info: c:/users/alexander/graphics/F6T2weight.PNG used on inp
ut line 1094.
(pdftex.def)             Requested size: 192.0548pt x 144.0412pt.

<c:/users/alexander/graphics/F9T3weight.PNG, id=491, 578.16pt x 433.62pt>
File: c:/users/alexander/graphics/F9T3weight.PNG Graphic file (type png)

<use c:/users/alexander/graphics/F9T3weight.PNG>
Package pdftex.def Info: c:/users/alexander/graphics/F9T3weight.PNG used on inp
ut line 1098.
(pdftex.def)             Requested size: 192.0548pt x 144.0412pt.

<c:/users/alexander/graphics/F12T4weight.PNG, id=492, 578.16pt x 433.62pt>
File: c:/users/alexander/graphics/F12T4weight.PNG Graphic file (type png)

<use c:/users/alexander/graphics/F12T4weight.PNG>
Package pdftex.def Info: c:/users/alexander/graphics/F12T4weight.PNG used on in
put line 1101.
(pdftex.def)             Requested size: 192.0548pt x 144.0412pt.


LaTeX Warning: `h' float specifier changed to `ht'.

[40] [41 <c:/users/alexander/graphics/F6T2weight.PNG> <c:/users/alexander/graph
ics/F9T3weight.PNG> <c:/users/alexander/graphics/F12T4weight.PNG>]
Underfull \hbox (badness 10000) in paragraph at lines 1110--1114

 []


Underfull \hbox (badness 10000) in paragraph at lines 1115--1123

 []

[42

] [43]
<c:/users/alexander/graphics/vDF3T1init.PNG, id=514, 501.875pt x 501.875pt>
File: c:/users/alexander/graphics/vDF3T1init.PNG Graphic file (type png)

<use c:/users/alexander/graphics/vDF3T1init.PNG>
Package pdftex.def Info: c:/users/alexander/graphics/vDF3T1init.PNG used on inp
ut line 1139.
(pdftex.def)             Requested size: 170.71393pt x 170.7118pt.

<c:/users/alexander/graphics/vDF3theta1.PNG, id=515, 501.875pt x 501.875pt>
File: c:/users/alexander/graphics/vDF3theta1.PNG Graphic file (type png)

<use c:/users/alexander/graphics/vDF3theta1.PNG>
Package pdftex.def Info: c:/users/alexander/graphics/vDF3theta1.PNG used on inp
ut line 1144.
(pdftex.def)             Requested size: 170.71393pt x 170.7118pt.

<c:/users/alexander/graphics/F3disagreements.PNG, id=516, 430.60875pt x 252.945
pt>
File: c:/users/alexander/graphics/F3disagreements.PNG Graphic file (type png)
 <use c:/users/alexander/graphics/F3disagreements.PNG>
Package pdftex.def Info: c:/users/alexander/graphics/F3disagreements.PNG used o
n input line 1152.
(pdftex.def)             Requested size: 192.0548pt x 112.81683pt.

<c:/users/alexander/graphics/F4disagreements.PNG, id=517, 431.36156pt x 252.945
pt>
File: c:/users/alexander/graphics/F4disagreements.PNG Graphic file (type png)
 <use c:/users/alexander/graphics/F4disagreements.PNG>
Package pdftex.def Info: c:/users/alexander/graphics/F4disagreements.PNG used o
n input line 1155.
(pdftex.def)             Requested size: 192.0548pt x 112.61613pt.
 [44 <c:/users/alexander/graphics/vDF3T1init.PNG (PNG copy)> <c:/users/alexande
r/graphics/vDF3theta1.PNG (PNG copy)> <c:/users/alexander/graphics/F3disagreeme
nts.PNG> <c:/users/alexander/graphics/F4disagreements.PNG>]
<c:/users/alexander/graphics/F3zones.PNG, id=525, 428.35031pt x 249.93375pt>
File: c:/users/alexander/graphics/F3zones.PNG Graphic file (type png)

<use c:/users/alexander/graphics/F3zones.PNG>
Package pdftex.def Info: c:/users/alexander/graphics/F3zones.PNG used on input 
line 1165.
(pdftex.def)             Requested size: 192.0548pt x 112.06108pt.

<c:/users/alexander/graphics/F4zones.PNG, id=526, 429.10312pt x 250.68657pt>
File: c:/users/alexander/graphics/F4zones.PNG Graphic file (type png)

<use c:/users/alexander/graphics/F4zones.PNG>
Package pdftex.def Info: c:/users/alexander/graphics/F4zones.PNG used on input 
line 1168.
(pdftex.def)             Requested size: 192.0548pt x 112.1997pt.

<c:/users/alexander/graphics/F3regions.PNG, id=527, 428.35031pt x 250.68657pt>
File: c:/users/alexander/graphics/F3regions.PNG Graphic file (type png)

<use c:/users/alexander/graphics/F3regions.PNG>
Package pdftex.def Info: c:/users/alexander/graphics/F3regions.PNG used on inpu
t line 1176.
(pdftex.def)             Requested size: 192.0548pt x 112.3986pt.

<c:/users/alexander/graphics/F4regions.PNG, id=528, 426.84468pt x 251.43938pt>
File: c:/users/alexander/graphics/F4regions.PNG Graphic file (type png)

<use c:/users/alexander/graphics/F4regions.PNG>
Package pdftex.def Info: c:/users/alexander/graphics/F4regions.PNG used on inpu
t line 1179.
(pdftex.def)             Requested size: 192.0548pt x 113.13515pt.

<c:/users/alexander/graphics/diss3RegionSize.PNG, id=529, 431.36156pt x 252.192
18pt>
File: c:/users/alexander/graphics/diss3RegionSize.PNG Graphic file (type png)
 <use c:/users/alexander/graphics/diss3RegionSize.PNG>
Package pdftex.def Info: c:/users/alexander/graphics/diss3RegionSize.PNG used o
n input line 1195.
(pdftex.def)             Requested size: 192.0548pt x 112.28096pt.

<c:/users/alexander/graphics/diss4RegionSize.PNG, id=530, 430.60875pt x 251.439
38pt>
File: c:/users/alexander/graphics/diss4RegionSize.PNG Graphic file (type png)
 <use c:/users/alexander/graphics/diss4RegionSize.PNG>
Package pdftex.def Info: c:/users/alexander/graphics/diss4RegionSize.PNG used o
n input line 1198.
(pdftex.def)             Requested size: 192.0548pt x 112.1453pt.
 [45

 <c:/users/alexander/graphics/F3zones.PNG> <c:/users/alexander/graphics/F4zones
.PNG> <c:/users/alexander/graphics/F3regions.PNG> <c:/users/alexander/graphics/
F4regions.PNG>]
<c:/users/alexander/graphics/diss3ZoneSize.PNG, id=538, 429.85594pt x 252.945pt
>
File: c:/users/alexander/graphics/diss3ZoneSize.PNG Graphic file (type png)
 <use c:/users/alexander/graphics/diss3ZoneSize.PNG>
Package pdftex.def Info: c:/users/alexander/graphics/diss3ZoneSize.PNG used on 
input line 1206.
(pdftex.def)             Requested size: 192.0548pt x 113.01367pt.

<c:/users/alexander/graphics/diss4ZoneSize.PNG, id=539, 430.60875pt x 252.945pt
>
File: c:/users/alexander/graphics/diss4ZoneSize.PNG Graphic file (type png)
 <use c:/users/alexander/graphics/diss4ZoneSize.PNG>
Package pdftex.def Info: c:/users/alexander/graphics/diss4ZoneSize.PNG used on 
input line 1209.
(pdftex.def)             Requested size: 192.0548pt x 112.81683pt.

Underfull \hbox (badness 10000) in paragraph at lines 1213--1215

 []

[46 <c:/users/alexander/graphics/diss3RegionSize.PNG> <c:/users/alexander/graph
ics/diss4RegionSize.PNG> <c:/users/alexander/graphics/diss3ZoneSize.PNG> <c:/us
ers/alexander/graphics/diss4ZoneSize.PNG>] [47]
<c:/users/alexander/graphics/vD8-63m.PNG, id=550, 501.875pt x 501.875pt>
File: c:/users/alexander/graphics/vD8-63m.PNG Graphic file (type png)

<use c:/users/alexander/graphics/vD8-63m.PNG>
Package pdftex.def Info: c:/users/alexander/graphics/vD8-63m.PNG used on input 
line 1233.
(pdftex.def)             Requested size: 170.71393pt x 170.7118pt.

<c:/users/alexander/graphics/dissVD8-63m.PNG, id=551, 501.875pt x 501.875pt>
File: c:/users/alexander/graphics/dissVD8-63m.PNG Graphic file (type png)

<use c:/users/alexander/graphics/dissVD8-63m.PNG>
Package pdftex.def Info: c:/users/alexander/graphics/dissVD8-63m.PNG used on in
put line 1238.
(pdftex.def)             Requested size: 170.71393pt x 170.7118pt.
 [48 <c:/users/alexander/graphics/vD8-63m.PNG (PNG copy)> <c:/users/alexander/g
raphics/dissVD8-63m.PNG (PNG copy)>] [49] [50

] [51

] [52]
Package atveryend Info: Empty hook `BeforeClearDocument' on input line 1323.
 [53]
Package atveryend Info: Empty hook `AfterLastShipout' on input line 1323.
 (vecDeffuantModel.aux)
Package atveryend Info: Executing hook `AtVeryEndDocument' on input line 1323.
Package atveryend Info: Executing hook `AtEndAfterFileList' on input line 1323.

Package rerunfilecheck Info: File `vecDeffuantModel.out' has not changed.
(rerunfilecheck)             Checksum: AC29D0BB06D2517389B067675E9ED7DB;1665.
Package atveryend Info: Empty hook `AtVeryVeryEnd' on input line 1323.
 ) 
Here is how much of TeX's memory you used:
 7546 strings out of 493634
 114842 string characters out of 3133608
 199451 words of memory out of 3000000
 10591 multiletter control sequences out of 15000+200000
 15964 words of font info for 63 fonts, out of 3000000 for 9000
 1025 hyphenation exceptions out of 8191
 29i,21n,32p,1695b,445s stack positions out of 5000i,500n,10000p,200000b,50000s
<C:/Users/Alexander/AppData/Local/Programs/MiKTeX 2.9/fonts/type1/public/amsf
onts/cm/cmbx12.pfb><C:/Users/Alexander/AppData/Local/Programs/MiKTeX 2.9/fonts/
type1/public/amsfonts/cm/cmcsc10.pfb><C:/Users/Alexander/AppData/Local/Programs
/MiKTeX 2.9/fonts/type1/public/amsfonts/cm/cmex10.pfb><C:/Users/Alexander/AppDa
ta/Local/Programs/MiKTeX 2.9/fonts/type1/public/amsfonts/cm/cmmi10.pfb><C:/User
s/Alexander/AppData/Local/Programs/MiKTeX 2.9/fonts/type1/public/amsfonts/cm/cm
mi12.pfb><C:/Users/Alexander/AppData/Local/Programs/MiKTeX 2.9/fonts/type1/publ
ic/amsfonts/cm/cmmi6.pfb><C:/Users/Alexander/AppData/Local/Programs/MiKTeX 2.9/
fonts/type1/public/amsfonts/cm/cmmi7.pfb><C:/Users/Alexander/AppData/Local/Prog
rams/MiKTeX 2.9/fonts/type1/public/amsfonts/cm/cmmi8.pfb><C:/Users/Alexander/Ap
pData/Local/Programs/MiKTeX 2.9/fonts/type1/public/amsfonts/cm/cmr10.pfb><C:/Us
ers/Alexander/AppData/Local/Programs/MiKTeX 2.9/fonts/type1/public/amsfonts/cm/
cmr12.pfb><C:/Users/Alexander/AppData/Local/Programs/MiKTeX 2.9/fonts/type1/pub
lic/amsfonts/cm/cmr6.pfb><C:/Users/Alexander/AppData/Local/Programs/MiKTeX 2.9/
fonts/type1/public/amsfonts/cm/cmr7.pfb><C:/Users/Alexander/AppData/Local/Progr
ams/MiKTeX 2.9/fonts/type1/public/amsfonts/cm/cmr8.pfb><C:/Users/Alexander/AppD
ata/Local/Programs/MiKTeX 2.9/fonts/type1/public/amsfonts/cm/cmsy10.pfb><C:/Use
rs/Alexander/AppData/Local/Programs/MiKTeX 2.9/fonts/type1/public/amsfonts/cm/c
msy6.pfb><C:/Users/Alexander/AppData/Local/Programs/MiKTeX 2.9/fonts/type1/publ
ic/amsfonts/cm/cmsy7.pfb><C:/Users/Alexander/AppData/Local/Programs/MiKTeX 2.9/
fonts/type1/public/amsfonts/cm/cmsy8.pfb><C:/Users/Alexander/AppData/Local/Prog
rams/MiKTeX 2.9/fonts/type1/public/amsfonts/cm/cmti12.pfb><C:/Users/Alexander/A
ppData/Local/Programs/MiKTeX 2.9/fonts/type1/public/amsfonts/symbols/msam10.pfb
><C:/Users/Alexander/AppData/Local/Programs/MiKTeX 2.9/fonts/type1/public/amsfo
nts/symbols/msbm10.pfb>
Output written on vecDeffuantModel.pdf (57 pages, 936724 bytes).
PDF statistics:
 698 PDF objects out of 1000 (max. 8388607)
 218 named destinations out of 1000 (max. 500000)
 319 words of extra memory for PDF output out of 10000 (max. 10000000)

